<?xml version="1.0" encoding="UTF-8"?>
<!-- Generated by org.testng.reporters.JUnitXMLReporter -->
<testsuite hostname="PB0B0572261" name="Test-method test1" tests="1" failures="0" timestamp="11 Jan 2018 12:35:46 GMT" time="35.519" errors="0">
  <testcase name="ClConsumoWeb" time="15.575" classname="Tests.ClsConsumoWeb"/>
</testsuite> <!-- Test-method test1 -->
