<?xml version="1.0" encoding="UTF-8"?>
<!-- Generated by org.testng.reporters.JUnitReportReporter -->
<testsuite hostname="PB0B0572261" name="Tests.ClsConsumoWeb" tests="1" failures="0" timestamp="16 Jan 2018 12:35:08 GMT" time="25.427" errors="0">
  <testcase name="ClConsumoWeb" time="25.427" classname="Tests.ClsConsumoWeb"/>
</testsuite> <!-- Tests.ClsConsumoWeb -->
