<?xml version="1.0" encoding="UTF-8"?>
<!-- Generated by org.testng.reporters.JUnitReportReporter -->
<testsuite hostname="PB0B0572261" name="Tests.ClsConsumoDroid" tests="1" failures="0" timestamp="16 Jan 2018 12:35:08 GMT" time="106.977" errors="0">
  <testcase name="ClConsumoDroid" time="106.977" classname="Tests.ClsConsumoDroid"/>
</testsuite> <!-- Tests.ClsConsumoDroid -->
