<?xml version="1.0" encoding="UTF-8"?>
<!-- Generated by org.testng.reporters.JUnitReportReporter -->
<testsuite hostname="PB0B0572261" name="Tests.ClsHipotecarioWeb" tests="1" failures="0" timestamp="16 Jan 2018 12:35:08 GMT" time="27.222" errors="0">
  <testcase name="ClHipotecarioWeb" time="27.222" classname="Tests.ClsHipotecarioWeb"/>
</testsuite> <!-- Tests.ClsHipotecarioWeb -->
