<?xml version="1.0" encoding="UTF-8"?>
<!-- Generated by org.testng.reporters.JUnitReportReporter -->
<testsuite hostname="PB0B0572261" name="Tests.ClsLibranzaDroid" tests="1" failures="0" timestamp="16 Jan 2018 12:35:08 GMT" time="111.654" errors="0">
  <testcase name="ClLibranzaDroid" time="111.654" classname="Tests.ClsLibranzaDroid"/>
</testsuite> <!-- Tests.ClsLibranzaDroid -->
